# JRE version: Java(TM) SE Runtime Environment (8.0_60-b27) (build 1.8.0_60-b27)
# Java VM: Java HotSpot(TM) 64-Bit Server VM (25.60-b23 mixed mode windows-amd64 compressed oops)
Heap:
 PSYoungGen      total 165888K, used 44045K [0x00000000eab00000, 0x00000000f7380000, 0x0000000100000000)
  eden space 163328K, 26% used [0x00000000eab00000,0x00000000ed6036f8,0x00000000f4a80000)
  from space 2560K, 0% used [0x00000000f4a80000,0x00000000f4a80000,0x00000000f4d00000)
  to   space 20992K, 0% used [0x00000000f5f00000,0x00000000f5f00000,0x00000000f7380000)
 ParOldGen       total 68096K, used 48709K [0x00000000c0000000, 0x00000000c4280000, 0x00000000eab00000)
  object space 68096K, 71% used [0x00000000c0000000,0x00000000c2f91568,0x00000000c4280000)
 Metaspace       used 55633K, capacity 58508K, committed 59264K, reserved 1099776K
  class space    used 7500K, capacity 8452K, committed 8576K, reserved 1048576K
GC Heap History (10 events):
Event: 2144.428 GC heap before
{Heap before GC invocations=28 (full 3):
 PSYoungGen      total 160256K, used 153308K [0x00000000eab00000, 0x00000000f5d80000, 0x0000000100000000)
  eden space 145920K, 100% used [0x00000000eab00000,0x00000000f3980000,0x00000000f3980000)
  from space 14336K, 51% used [0x00000000f4f80000,0x00000000f56b7240,0x00000000f5d80000)
  to   space 18432K, 0% used [0x00000000f3980000,0x00000000f3980000,0x00000000f4b80000)
 ParOldGen       total 68096K, used 45569K [0x00000000c0000000, 0x00000000c4280000, 0x00000000eab00000)
  object space 68096K, 66% used [0x00000000c0000000,0x00000000c2c80418,0x00000000c4280000)
 Metaspace       used 54780K, capacity 57592K, committed 57728K, reserved 1097728K
  class space    used 7531K, capacity 8504K, committed 8576K, reserved 1048576K
Event: 2144.498 GC heap after
Heap after GC invocations=28 (full 3):
 PSYoungGen      total 164352K, used 18406K [0x00000000eab00000, 0x00000000f7580000, 0x0000000100000000)
  eden space 145920K, 0% used [0x00000000eab00000,0x00000000eab00000,0x00000000f3980000)
  from space 18432K, 99% used [0x00000000f3980000,0x00000000f4b79840,0x00000000f4b80000)
  to   space 22016K, 0% used [0x00000000f6000000,0x00000000f6000000,0x00000000f7580000)
 ParOldGen       total 68096K, used 47098K [0x00000000c0000000, 0x00000000c4280000, 0x00000000eab00000)
  object space 68096K, 69% used [0x00000000c0000000,0x00000000c2dfe960,0x00000000c4280000)
 Metaspace       used 54780K, capacity 57592K, committed 57728K, reserved 1097728K
  class space    used 7531K, capacity 8504K, committed 8576K, reserved 1048576K
}
Event: 2151.330 GC heap before
{Heap before GC invocations=29 (full 3):
 PSYoungGen      total 164352K, used 39748K [0x00000000eab00000, 0x00000000f7580000, 0x0000000100000000)
  eden space 145920K, 14% used [0x00000000eab00000,0x00000000ebfd7a48,0x00000000f3980000)
  from space 18432K, 99% used [0x00000000f3980000,0x00000000f4b79840,0x00000000f4b80000)
  to   space 22016K, 0% used [0x00000000f6000000,0x00000000f6000000,0x00000000f7580000)
 ParOldGen       total 68096K, used 47098K [0x00000000c0000000, 0x00000000c4280000, 0x00000000eab00000)
  object space 68096K, 69% used [0x00000000c0000000,0x00000000c2dfe960,0x00000000c4280000)
 Metaspace       used 55670K, capacity 58564K, committed 58752K, reserved 1099776K
  class space    used 7602K, capacity 8570K, committed 8576K, reserved 1048576K
Event: 2151.348 GC heap after
Heap after GC invocations=29 (full 3):
 PSYoungGen      total 184320K, used 9971K [0x00000000eab00000, 0x00000000f7480000, 0x0000000100000000)
  eden space 163328K, 0% used [0x00000000eab00000,0x00000000eab00000,0x00000000f4a80000)
  from space 20992K, 47% used [0x00000000f6000000,0x00000000f69bcfc8,0x00000000f7480000)
  to   space 21504K, 0% used [0x00000000f4a80000,0x00000000f4a80000,0x00000000f5f80000)
 ParOldGen       total 68096K, used 47106K [0x00000000c0000000, 0x00000000c4280000, 0x00000000eab00000)
  object space 68096K, 69% used [0x00000000c0000000,0x00000000c2e00960,0x00000000c4280000)
 Metaspace       used 55670K, capacity 58564K, committed 58752K, reserved 1099776K
  class space    used 7602K, capacity 8570K, committed 8576K, reserved 1048576K
}
Event: 2151.348 GC heap before
{Heap before GC invocations=30 (full 4):
 PSYoungGen      total 184320K, used 9971K [0x00000000eab00000, 0x00000000f7480000, 0x0000000100000000)
  eden space 163328K, 0% used [0x00000000eab00000,0x00000000eab00000,0x00000000f4a80000)
  from space 20992K, 47% used [0x00000000f6000000,0x00000000f69bcfc8,0x00000000f7480000)
  to   space 21504K, 0% used [0x00000000f4a80000,0x00000000f4a80000,0x00000000f5f80000)
 ParOldGen       total 68096K, used 47106K [0x00000000c0000000, 0x00000000c4280000, 0x00000000eab00000)
  object space 68096K, 69% used [0x00000000c0000000,0x00000000c2e00960,0x00000000c4280000)
 Metaspace       used 55670K, capacity 58564K, committed 58752K, reserved 1099776K
  class space    used 7602K, capacity 8570K, committed 8576K, reserved 1048576K
Event: 2151.777 GC heap after
Heap after GC invocations=30 (full 4):
 PSYoungGen      total 184320K, used 0K [0x00000000eab00000, 0x00000000f7480000, 0x0000000100000000)
  eden space 163328K, 0% used [0x00000000eab00000,0x00000000eab00000,0x00000000f4a80000)
  from space 20992K, 0% used [0x00000000f6000000,0x00000000f6000000,0x00000000f7480000)
  to   space 21504K, 0% used [0x00000000f4a80000,0x00000000f4a80000,0x00000000f5f80000)
 ParOldGen       total 68096K, used 47019K [0x00000000c0000000, 0x00000000c4280000, 0x00000000eab00000)
  object space 68096K, 69% used [0x00000000c0000000,0x00000000c2deada0,0x00000000c4280000)
 Metaspace       used 54849K, capacity 57338K, committed 58752K, reserved 1099776K
  class space    used 7434K, capacity 8276K, committed 8576K, reserved 1048576K
}
Event: 2286.732 GC heap before
{Heap before GC invocations=31 (full 4):
 PSYoungGen      total 184320K, used 161820K [0x00000000eab00000, 0x00000000f7480000, 0x0000000100000000)
  eden space 163328K, 99% used [0x00000000eab00000,0x00000000f4907118,0x00000000f4a80000)
  from space 20992K, 0% used [0x00000000f6000000,0x00000000f6000000,0x00000000f7480000)
  to   space 21504K, 0% used [0x00000000f4a80000,0x00000000f4a80000,0x00000000f5f80000)
 ParOldGen       total 68096K, used 47019K [0x00000000c0000000, 0x00000000c4280000, 0x00000000eab00000)
  object space 68096K, 69% used [0x00000000c0000000,0x00000000c2deada0,0x00000000c4280000)
 Metaspace       used 55490K, capacity 58254K, committed 59008K, reserved 1099776K
  class space    used 7490K, capacity 8416K, committed 8576K, reserved 1048576K
Event: 2286.740 GC heap after
Heap after GC invocations=31 (full 4):
 PSYoungGen      total 165888K, used 2080K [0x00000000eab00000, 0x00000000f7380000, 0x0000000100000000)
  eden space 163328K, 0% used [0x00000000eab00000,0x00000000eab00000,0x00000000f4a80000)
  from space 2560K, 81% used [0x00000000f4a80000,0x00000000f4c88020,0x00000000f4d00000)
  to   space 20992K, 0% used [0x00000000f5f00000,0x00000000f5f00000,0x00000000f7380000)
 ParOldGen       total 68096K, used 47027K [0x00000000c0000000, 0x00000000c4280000, 0x00000000eab00000)
  object space 68096K, 69% used [0x00000000c0000000,0x00000000c2decda0,0x00000000c4280000)
 Metaspace       used 55490K, capacity 58254K, committed 59008K, reserved 1099776K
  class space    used 7490K, capacity 8416K, committed 8576K, reserved 1048576K
}
Event: 2286.740 GC heap before
{Heap before GC invocations=32 (full 5):
 PSYoungGen      total 165888K, used 2080K [0x00000000eab00000, 0x00000000f7380000, 0x0000000100000000)
  eden space 163328K, 0% used [0x00000000eab00000,0x00000000eab00000,0x00000000f4a80000)
  from space 2560K, 81% used [0x00000000f4a80000,0x00000000f4c88020,0x00000000f4d00000)
  to   space 20992K, 0% used [0x00000000f5f00000,0x00000000f5f00000,0x00000000f7380000)
 ParOldGen       total 68096K, used 47027K [0x00000000c0000000, 0x00000000c4280000, 0x00000000eab00000)
  object space 68096K, 69% used [0x00000000c0000000,0x00000000c2decda0,0x00000000c4280000)
 Metaspace       used 55490K, capacity 58254K, committed 59008K, reserved 1099776K
  class space    used 7490K, capacity 8416K, committed 8576K, reserved 1048576K
Event: 2287.299 GC heap after
Heap after GC invocations=32 (full 5):
 PSYoungGen      total 165888K, used 0K [0x00000000eab00000, 0x00000000f7380000, 0x0000000100000000)
  eden space 163328K, 0% used [0x00000000eab00000,0x00000000eab00000,0x00000000f4a80000)
  from space 2560K, 0% used [0x00000000f4a80000,0x00000000f4a80000,0x00000000f4d00000)
  to   space 20992K, 0% used [0x00000000f5f00000,0x00000000f5f00000,0x00000000f7380000)
 ParOldGen       total 68096K, used 48709K [0x00000000c0000000, 0x00000000c4280000, 0x00000000eab00000)
  object space 68096K, 71% used [0x00000000c0000000,0x00000000c2f91568,0x00000000c4280000)
 Metaspace       used 55490K, capacity 58254K, committed 59008K, reserved 1099776K
  class space    used 7490K, capacity 8416K, committed 8576K, reserved 1048576K
}

